IQ-TREE multicore version 2.0.3 for Mac OS X 64-bit built Dec 19 2020
Developed by Bui Quang Minh, Nguyen Lam Tung, Olga Chernomor,
Heiko Schmidt, Dominik Schrempf, Michael Woodhams.

Host:    Erley-MBP (SSE4.2, 16 GB RAM)
Command: iqtree -s USUV_nflg_2024-ws-mafft.fasta -m GTR+F+I+G4 --alrt 1000 -T 6
Seed:    503470 (Using SPRNG - Scalable Parallel Random Number Generator)
Time:    Wed Aug 14 01:11:04 2024
Kernel:  SSE2 - 6 threads (8 CPU cores detected)

Reading alignment file USUV_nflg_2024-ws-mafft.fasta ... Fasta format detected
Alignment most likely contains DNA/RNA sequences
Alignment has 192 sequences with 10305 columns, 2866 distinct patterns
1526 parsimony-informative, 921 singleton sites, 7858 constant sites
WARNING: Some sequence names are changed as follows:
MN989418|anatidae_(duck_sp)|it_ac|2018-08-20 -> MN989418|anatidae__duck_sp_|it_ac|2018-08-20

                                                    Gap/Ambiguity  Composition  p-value
   1  PP104383|culex_pipiens|ita|2023-08-02                 0.00%    passed     99.87%
   2  PP104384|culex_pipiens|ita|2023-09-22                 3.54%    passed     99.53%
   3  PP104386|culex_pipiens|ita|2023-09-08                 2.38%    passed     99.25%
   4  PP104387|sturnus_vulgaris|ita|2023-09-13              0.00%    passed     99.97%
   5  PP104389|culex_pipiens|ita|2023-09-22                 2.84%    passed     99.44%
   6  PP104390|columbidae_sp|ita|2023-08-25                 3.65%    passed     99.03%
   7  PP104391|turdus_merula|ita|2023-09-07                 0.00%    passed     99.90%
   8  OR921093|culex_pipiens|ita|2023-08-11                 2.53%    passed     99.86%
   9  OR921096|turdus_merula|ita|2023-09-07                 2.83%    passed     99.71%
  10  OR921098|columba_palumbus|ita|2023-08-23              1.41%    passed     99.78%
  11  OR921100|culex_pipiens|ita|2023-09-08                 1.18%    passed     98.08%
  12  OR921101|culex_pipiens|ita|2023-09-08                 0.59%    passed     99.81%
  13  OR921103|culex_pipiens|ita|2023-08-11                 0.85%    passed     99.83%
  14  OR921104|culex_pipiens|ita|2023-09-08                 3.29%    passed     99.99%
  15  OR921106|culex_pipiens|ita|2023-08-24                 0.69%    passed     99.75%
  16  OR757492|culex_pipiens|ita|2023-07-24                 0.00%    passed     99.95%
  17  OR757493|culex_pipiens|ita|2023-07-15                 0.00%    passed     99.88%
  18  OR757494|turdus_merula|ita|2023-07-24                 0.02%    passed     99.91%
  19  OR757495|culex_pipiens|ita|2023-07-18                 1.96%    passed     99.94%
  20  OR757496|NA|ita|2023-07-15                            0.37%    passed     99.98%
  21  OR757497|culex_pipiens|ita|2023-07-16                 0.01%    passed     99.96%
  22  OR573992|branta_ruficollis|nl_li|2017-08-15           0.00%    passed     98.01%
  23  OR141530|strix_nebulosa|de_st_ha|2015                 0.00%    passed     99.51%
  24  OR141599|turdidae_sp|de_bb_sn|2018                    0.00%    passed     99.43%
  25  OR141600|turdus_merula|de_nw_hg|2018                  0.00%    passed     99.46%
  26  OR141602|turdus_merula|de_ni_ha|2018                  0.00%    passed     98.29%
  27  OR141603|strix_nebulosa|de_ni_hr|2018                 0.00%    passed     96.12%
  28  OR141605|strix_nebulosa|de_mv_rl|2018                 0.00%    passed     97.73%
  29  OR166140|strix_nebulosa|de_ni_gb|2018                 0.00%    passed     94.75%
  30  OR166141|strix_nebulosa|de_ni_hr|2018                 0.00%    passed     98.34%
  31  OR166142|turdus_merula|de_nw_hf|2018                  0.00%    passed     98.40%
  32  OR166149|turdus_merula|de_ni_sh|2018                  0.00%    passed     99.89%
  33  OR166168|turdus_merula|de_by_mu|2017                  0.00%    passed     99.02%
  34  OQ630907|strix_nebulosa|de_ni_hr|2021-08              0.00%    passed     99.32%
  35  OP921076|turdus_merula|nl_ge|2016-10-07               5.05%    passed     97.89%
  36  OP921077|NA|nl_ge|2016-10-07                          3.69%    passed     98.24%
  37  OP921078|turdidae_sp|nl_ut_ut|2018-08-18              4.59%    passed     99.83%
  38  OP921079|NA|nl_ut_ut|2018-08-18                      16.38%    passed     93.25%
  39  OP921080|NA|nl_ut_ut|2016-10-16                      20.42%    passed     93.64%
  40  OP921081|NA|nl_ut_ut|2016-10-16                       2.77%    passed     96.37%
  41  OP921082|NA|nl_ut_ut|2016-10-16                      24.84%    passed     59.12%
  42  OP921083|turdus_merula|nl_ut_ut|2016-10-16           10.63%    passed     90.71%
  43  OP734245|culex_pipiens|ita|2022-07-01                 2.46%    passed     99.71%
  44  OP734246|culex_pipiens|ita|2022-07-29                 0.00%    passed    100.00%
  45  OP734247|culex_pipiens|ita|2022-07-29                 9.55%    passed     99.86%
  46  OP734248|culex_pipiens|ita|2022-07-29                 2.36%    passed     99.61%
  47  OP734249|culex_pipiens|ita|2022-08-01                 0.90%    passed     99.99%
  48  OP734250|culex_pipiens|ita|2022-07-29                 0.00%    passed     99.97%
  49  OP734251|culex_pipiens|ita|2022-08-01                 0.27%    passed     99.97%
  50  OP734252|culex_pipiens|ita|2022-08-01                 0.67%    passed     99.93%
  51  OP734254|NA|ita|2022-08-08                            0.00%    passed     99.87%
  52  OP734255|culex_pipiens|ita|2022-07-27                 2.37%    passed     99.71%
  53  OP734256|culex_pipiens|ita|2022-07-29                 0.00%    passed    100.00%
  54  OP734258|culex_pipiens|ita|2022-07-27                 3.22%    passed     97.56%
  55  OP734261|culex_pipiens|ita|2022-07-08                 4.36%    passed     99.31%
  56  OP555956|strix_nebulosa|bel|2017-07-10                0.00%    passed     99.77%
  57  OP007489|strix_nebulosa|nl_ge_wg|2016-09-09           1.69%    passed     99.61%
  58  ON813220|culex_neavei|sn_lg|2018                      4.58%    passed     97.27%
  59  ON813221|culex_neavei|sn_lg|2019                      2.45%    passed     99.68%
  60  ON813222|culex_neavei|sn_lg|2019                      2.46%    passed     99.92%
  61  ON813223|culex_neavei|sn_lg|2019                      4.50%    passed     98.16%
  62  ON813224|culex_poicilipes|sn_lg|2019                  4.14%    passed     99.03%
  63  ON813225|culex_neavei|sn_lg|2016                      2.53%    passed     97.97%
  64  ON813227|culex_neavei|sn_lg|2016                      0.14%    passed     97.67%
  65  ON813236|culex_pipiens|ita|2015                       4.99%    passed     99.99%
  66  OQ414983|culex_pipiens|ro_bi|2019-07                 52.42%    passed     57.91%
  67  ON032477|turdus_merula|it_bo|2018-08-17               0.00%    passed     99.95%
  68  ON032478|turdus_merula|it_tv|2018-09-03               0.00%    passed     99.76%
  69  ON032479|turdus_merula|it_ps|2016                     0.00%    passed     99.85%
  70  ON032482|larus_michahellis|it_rn|2021-09-08           0.00%    passed     99.99%
  71  ON032483|turdus_merula|it_bo|2021-08-19               0.15%    passed     99.92%
  72  ON032484|columba_palumbus|it_fe|2021-09-10            0.25%    passed     99.99%
  73  ON755209|turdus_merula|nld|2016                       1.22%    passed     90.82%
  74  ON755210|turdus_merula|nld|2016                       1.22%    passed     98.04%
  75  ON755212|turdus_merula|nld|2016                       1.22%    passed     99.78%
  76  ON755215|turdus_merula|nld|2016                       0.16%    passed     99.33%
  77  ON755217|turdus_merula|nld|2016                       1.22%    passed     95.46%
  78  ON755218|turdus_merula|nld|2016                       1.22%    passed     94.80%
  79  ON755219|turdus_merula|nld|2016                       3.98%    passed     80.52%
  80  OM202464|turdus_merula|gbr|2021-09                    0.00%    passed     97.84%
  81  KX268472|culex_perexiguus|esp|2010                    0.00%    passed     96.35%
  82  MT133690|turdus_merula|swe|2019-08                    0.00%    passed     99.48%
  83  LR989886|bubo_scandiacus|de_be|2012                   0.00%    passed     97.60%
  84  LR989889|mergellus/lophodytes/mergus_sp|de_be|2012    0.00%    passed     99.14%
  85  LR989890|parus_major|de_be|2006                       0.00%    passed     99.97%
  86  LR989892|larus_crassirostris|de_be|2012               0.91%    passed     98.76%
  87  MT784898|turdus_iliacus|ita|2010                      0.00%    passed    100.00%
  88  MT784899|turdus_merula|ita|2010                       0.03%    passed     99.84%
  89  MW164637|culex_pipiens|it_ve|2011-08-23               0.04%    passed     99.75%
  90  MW164638|culex_pipiens|it_vi|2011-08-24               0.00%    passed     99.80%
  91  MW164640|culex_pipiens|it_vr|2011-09-21               0.01%    passed     99.75%
  92  MW164643|culex_pipiens|it_ve|2012-07-24               0.00%    passed     98.84%
  93  MW164647|culex_pipiens|it_vi|2012-08-07               0.06%    passed     99.61%
  94  MW164664|culex_pipiens|it_ro|2013-08-13               0.01%    passed     99.99%
  95  MW164666|culex_pipiens|it_tv|2013-08-21               0.02%    passed     99.94%
  96  MW164672|culex_pipiens|it_vi|2014-08-22               0.14%    passed     99.59%
  97  MW164681|culex_pipiens|it_ve|2014-09-23               0.03%    passed     99.75%
  98  MW164688|culex_pipiens|it_pd|2015-08-06               0.00%    passed     99.60%
  99  MW164695|turdus_merula|it_tv|2015-09-15               0.00%    passed     99.96%
 100  MW164699|culex_pipiens|it_ro|2016-08-01               0.00%    passed     99.56%
 101  MW164702|culex_pipiens|it_ro|2016-08-16               0.00%    passed    100.00%
 102  MW164707|culex_pipiens|it_vr|2016-09-14               0.01%    passed     99.81%
 103  MW164711|culex_pipiens|it_vi|2017-07-19               0.02%    passed     99.23%
 104  MW164714|culex_pipiens|it_vr|2017-08-02               0.00%    passed     99.55%
 105  MW164717|culex_pipiens|it_ud|2017-08-16               0.30%    passed     99.74%
 106  MW164721|culex_pipiens|it_vr|2017-08-16               0.02%    passed     99.99%
 107  MW164724|culex_pipiens|it_ro|2017-08-17               0.38%    passed     99.64%
 108  MW164732|culex_pipiens|it_vr|2018-09-06               0.01%    passed     99.49%
 109  MW164733|culex_pipiens|it_vi|2018-07-12               0.17%    passed     99.41%
 110  MW164737|culex_pipiens|it_pd|2018-07-19               0.28%    passed     99.36%
 111  MW164738|culex_pipiens|it_vr|2018-07-19               0.00%    passed    100.00%
 112  MW164739|culex_pipiens|it_vr|2018-07-19               0.01%    passed     99.97%
 113  MW164742|culex_pipiens|it_vr|2018-07-19               0.01%    passed     99.74%
 114  MW164745|culex_pipiens|it_vr|2018-07-26               0.02%    passed     99.99%
 115  MW164746|culex_pipiens|it_vr|2018-07-26               0.00%    passed    100.00%
 116  MW164750|culex_pipiens|it_ve|2018-07-31               0.40%    passed     98.90%
 117  MW164753|culex_pipiens|it_vi|2018-08-02               0.16%    passed     99.94%
 118  MW164765|culex_pipiens|it_tv|2018-08-28               0.00%    passed     99.58%
 119  MN989418|anatidae__duck_sp_|it_ac|2018-08-20          0.00%    passed     99.91%
 120  MT863562|turdus_merula|fr_vn|2018-07-24               0.00%    passed     99.91%
 121  MT241508|culex_univittatus|ug_ji|2012-02              0.00%    passed     97.12%
 122  MN813488|culex_neavei|sen|2011                        0.01%    passed     99.31%
 123  MN122146|turdus_merula|nl_ge_ov|2016-09-06            0.00%    passed     98.74%
 124  MN122154|turdus_merula|nl_nb_hs|2016-09-20            0.00%    passed     99.34%
 125  MN122155|turdus_merula|nl_li_bk|2016-09-21            0.00%    passed     98.47%
 126  MN122157|turdus_merula|nl_li_bk|2016-09-22            0.00%    passed     99.81%
 127  MN122163|turdus_merula|nl_ut_ut|2016-09-22            0.00%    passed     97.77%
 128  MN122167|turdus_merula|nl_ge_ar|2016-09-23            0.00%    passed     99.69%
 129  MN122168|turdus_merula|nl_ut_ut|2016-09-23            0.00%    passed     99.69%
 130  MN122169|turdus_merula|nl_ge_dt|2016-10-07            0.00%    passed     98.30%
 131  MN122171|turdus_merula|nl_fl_le|2016-10-05           12.33%    passed     92.19%
 132  MN122186|turdus_merula|nl_nb_os|2016-09-28            0.00%    passed     98.01%
 133  MN122197|turdus_merula|nl_ut_ut|2017-07-25            0.00%    passed     99.47%
 134  MN122207|turdus_merula|nl_fl_al|2017-09-01            2.70%    passed     98.82%
 135  MN122210|turdus_merula|nl_ge_ep|2017-09-15            0.00%    passed     99.59%
 136  MN122216|turdus_merula|nl_nh|2018-07-27               0.00%    passed     99.11%
 137  MN122220|turdus_merula|nl_ov_wi|2018-08-01            0.00%    passed     98.31%
 138  MN122223|turdus_merula|nl_ge_er|2018-08-02            0.00%    passed     99.28%
 139  MN122229|turdus_merula|nl_gr|2018-08-03               0.99%    passed     98.19%
 140  MN122233|turdus_merula|nl_dr_no|2018-08-09            0.00%    passed     98.81%
 141  MN122235|turdus_merula|nl_nb_bo|2018-08-14            0.00%    passed     98.16%
 142  MN122240|turdus_merula|nld|2018-08-16                 0.00%    passed     99.27%
 143  MN122250|turdus_merula|nl_nh_bl|2018-08-30            0.00%    passed     99.63%
 144  MN122251|turdus_merula|nl_nh_bl|2018-08-30            0.00%    passed    100.00%
 145  MN122252|turdus_merula|nl_nh_bl|2018-08-30            0.00%    passed     99.84%
 146  MK230892|turdus_merula|be_lg|2017-08                  0.00%    passed     99.02%
 147  MK230893|turdus_merula|be_lg|2017-08                  0.00%    passed     99.79%
 148  MH727238|mastomys_natalensis|sn_kg|2013-10-23         0.00%    passed     99.41%
 149  MH727242|rattus_rattus|sn_kg|2013-10-24               0.00%    passed     99.08%
 150  KX816646|turdus_merula|ita|2010-08                    1.01%    passed     99.24%
 151  KX816653|culex_pipiens|ita|2012-09                    0.00%    passed     99.88%
 152  MG461306|culex_perexiguus|isr|2015-06-30              0.00%    passed     99.99%
 153  MG461309|culex_pipiens|isr|2004-07-14                 0.00%    passed     99.18%
 154  KU573072|culex_pipiens|it_ra|2010                     0.01%    passed     98.80%
 155  KU573073|culex_pipiens|it_bs|2010                     0.00%    passed     99.57%
 156  KU573075|culex_pipiens|it_re|2010                     0.00%    passed     99.93%
 157  MG888044|culex_pipiens|srb|2014-08                    0.00%    passed     99.94%
 158  MF991886|homo_sapiens|at_wi|2017-07-24                0.00%    passed     99.98%
 159  MF063042|turdus_merula|at_no_bl|2016-09-29            0.00%    passed     99.88%
 160  MF063043|turdus_merula|hun|2016-09-26                 0.00%    passed    100.00%
 161  KY426754|turdus_merula|deu|2015-09-09                 0.00%    passed     99.38%
 162  KY426757|turdus_merula|deu|2016-09-23                 0.00%    passed     99.60%
 163  KY426760|turdus_merula|deu|2016-09-29                 0.00%    passed     99.66%
 164  KY426762|turdus_merula|deu|2016-09-26                 0.00%    passed     99.56%
 165  KY426769|turdus_merula|deu|2016-09-20                 0.00%    passed     99.00%
 166  KX555629|turdus_merula|ita|2010                       0.00%    passed     98.96%
 167  KJ438767|culex_sp|deu|2010                            0.00%    passed     98.74%
 168  KJ438768|culex_sp|deu|2010                            0.00%    passed     97.43%
 169  KJ438780|turdus_merula|deu|2010                       0.00%    passed     98.66%
 170  KY199556|strix_nebulosa|de_st_ha|2011                 0.00%    passed     95.98%
 171  KX601692|turdus_merula|fr_ar|2015-09-23               0.00%    passed     96.46%
 172  KY128481|strix_nebulosa|fr_ar|2016-09-22              0.06%    passed     99.70%
 173  KY263624|turdus_merula|be_lg|2016-10                  0.00%    passed     98.58%
 174  KY501101|homo_sapiens|de_nw_ko|2016-09-26            40.63%    passed     72.48%
 175  KT445930|culex_modestus|cz_bk|2013-08-07             59.07%    passed     86.67%
 176  EF206350|turdus_merula|hun|2005                       0.00%    passed     99.74%
 177  KF573410|culex_pipiens|es_ct_br|2006-08-22            0.00%    passed     98.14%
 178  KC754955|homo_sapiens|caf|2009                        0.00%    passed     96.29%
 179  KC754956|culex_univittatus|sn_lg|2009                 0.00%    passed     93.08%
 180  KC754957|culex_neavei|sn_lg|2009                      0.00%    passed     99.62%
 181  JQ219843|cyanistes_caeruleus|aut|2002-08-29           0.01%    passed     98.78%
 182  OR921105|phoenicurus_phoenicurus|ita|2023-09-08       1.40%    passed     99.56%
 183  ON755213|turdus_merula|nld|2016                       1.22%    passed     98.14%
 184  MN813489|culex_perexiguus|esp|2013                    0.00%    passed     96.90%
 185  MN813490|turdus_merula|nld|2011                       0.00%    passed     97.28%
 186  MN122145|turdus_merula|nl_li_ge|2016-09-01            0.00%    passed     97.84%
 187  PP104388|turdus_merula|ita|2023-09-22                 0.00%    passed     99.95%
 188  OP734257|culex_pipiens|ita|2022-07-22                 2.19%    passed     99.48%
 189  MT580899|strix_nebulosa|de_ni_ha|2010                 0.00%    passed     99.43%
 190  OQ630905|strix_nebulosa|de_ni_hr|2018-09              0.00%    passed     99.78%
 191  KJ438734|sturnus_vulgaris|deu|2010                    0.00%    passed     97.27%
 192  OQ630906|strix_nebulosa|de_ni_hr|2021-08              0.00%    passed     99.88%
WARNING: 2 sequences contain more than 50% gaps/ambiguity
****  TOTAL                                                 1.86%  0 sequences failed composition chi2 test (p-value<5%; df=3)
NOTE: MT580899|strix_nebulosa|de_ni_ha|2010 is identical to OR141599|turdidae_sp|de_bb_sn|2018 but kept for subsequent analysis
Creating fast initial parsimony tree by random order stepwise addition...
0.463 seconds, parsimony score: 4344 (based on 2447 sites)

NOTE: 71 MB RAM (0 GB) is required!
Estimate model parameters (epsilon = 0.100)
Thoroughly optimizing +I+G parameters from 10 start values...
Init pinv, alpha: 0.000, 1.000 / Estimate: 0.000, 0.279 / LogL: -44640.772
Init pinv, alpha: 0.085, 1.000 / Estimate: 0.087, 0.333 / LogL: -44632.835
Init pinv, alpha: 0.169, 1.000 / Estimate: 0.175, 0.406 / LogL: -44625.821
Init pinv, alpha: 0.254, 1.000 / Estimate: 0.261, 0.509 / LogL: -44619.896
Init pinv, alpha: 0.339, 1.000 / Estimate: 0.345, 0.663 / LogL: -44615.119
Init pinv, alpha: 0.424, 1.000 / Estimate: 0.425, 0.905 / LogL: -44612.202
Init pinv, alpha: 0.508, 1.000 / Estimate: 0.502, 1.335 / LogL: -44612.974
Init pinv, alpha: 0.593, 1.000 / Estimate: 0.509, 1.398 / LogL: -44613.565
Init pinv, alpha: 0.678, 1.000 / Estimate: 0.511, 1.412 / LogL: -44613.898
Init pinv, alpha: 0.763, 1.000 / Estimate: 0.511, 1.413 / LogL: -44614.313
Optimal pinv,alpha: 0.425, 0.905 / LogL: -44612.202

Parameters optimization took 70.619 sec
Computing ML distances based on estimated model parameters... 3.541 sec
Computing BIONJ tree...
0.033 seconds
Log-likelihood of BIONJ tree: -44730.247
--------------------------------------------------------------------
|             INITIALIZING CANDIDATE TREE SET                      |
--------------------------------------------------------------------
Generating 98 parsimony trees... 2.623 second
Computing log-likelihood of 98 initial trees ... 7.421 seconds
Current best score: -44541.195

Do NNI search on 20 best initial trees
Estimate model parameters (epsilon = 0.100)
BETTER TREE FOUND at iteration 1: -44529.230
Estimate model parameters (epsilon = 0.100)
BETTER TREE FOUND at iteration 6: -44528.714
Iteration 10 / LogL: -44545.328 / Time: 0h:1m:37s
Iteration 20 / LogL: -44543.946 / Time: 0h:1m:50s
Finish initializing candidate tree set (20)
Current best tree score: -44528.714 / CPU time: 38.478
Number of iterations: 20
--------------------------------------------------------------------
|               OPTIMIZING CANDIDATE TREE SET                      |
--------------------------------------------------------------------
Iteration 30 / LogL: -44563.109 / Time: 0h:2m:13s (0h:5m:48s left)
Iteration 40 / LogL: -44529.165 / Time: 0h:2m:35s (0h:4m:22s left)
Iteration 50 / LogL: -44528.966 / Time: 0h:3m:22s (0h:3m:50s left)
Iteration 60 / LogL: -44537.153 / Time: 0h:3m:54s (0h:3m:2s left)
Iteration 70 / LogL: -44528.998 / Time: 0h:4m:18s (0h:2m:14s left)
Iteration 80 / LogL: -44574.142 / Time: 0h:4m:46s (0h:1m:34s left)
Iteration 90 / LogL: -44530.668 / Time: 0h:5m:18s (0h:0m:57s left)
Iteration 100 / LogL: -44530.742 / Time: 0h:5m:46s (0h:0m:20s left)
TREE SEARCH COMPLETED AFTER 107 ITERATIONS / Time: 0h:6m:3s

--------------------------------------------------------------------
|                    FINALIZING TREE SEARCH                        |
--------------------------------------------------------------------
Performs final model parameters optimization
Estimate model parameters (epsilon = 0.010)
1. Initial log-likelihood: -44528.714
Optimal log-likelihood: -44528.707
Rate parameters:  A-C: 0.80435  A-G: 8.68119  A-T: 1.24636  C-G: 0.15053  C-T: 26.57915  G-T: 1.00000
Base frequencies:  A: 0.270  C: 0.228  G: 0.283  T: 0.218
Proportion of invariable sites: 0.427
Gamma shape alpha: 0.922
Parameters optimization took 1 rounds (0.466 sec)
BEST SCORE FOUND : -44528.707

Testing tree branches by SH-like aLRT with 1000 replicates...
10.332 sec.
Total tree length: 0.442

Total number of iterations: 107
CPU time used for tree search: 1382.051 sec (0h:23m:2s)
Wall-clock time used for tree search: 291.036 sec (0h:4m:51s)
Total CPU time used: 1821.903 sec (0h:30m:21s)
Total wall-clock time used: 374.040 sec (0h:6m:14s)

Analysis results written to: 
  IQ-TREE report:                USUV_nflg_2024-ws-mafft.fasta.iqtree
  Maximum-likelihood tree:       USUV_nflg_2024-ws-mafft.fasta.treefile
  Likelihood distances:          USUV_nflg_2024-ws-mafft.fasta.mldist
  Screen log file:               USUV_nflg_2024-ws-mafft.fasta.log

Date and Time: Wed Aug 14 01:17:18 2024
